<?xml version="1.0" encoding="UTF-8"?>
<!-- Generated by org.testng.reporters.JUnitXMLReporter -->
<testsuite ignored="0" hostname="DESKTOP-TTB3E54" failures="0" tests="13" name=" Chrome Test" time="0.871" errors="0" timestamp="2021-08-08T21:17:30 EDT">
  <testcase classname="Testcases.HomePageTest" name="@BeforeMethod beforeMethod" time="-1.628471850107E9">
    <failure type="org.testng.TestNGException" message="
Parameter &amp;apos;browser&amp;apos; is required by BeforeMethod on method beforeMethod but has not been marked @Optional or defined
in C:\Users\SHIV\eclipse-workspace\PageModel\src\test\java\testng.xml">
      <![CDATA[org.testng.TestNGException: 
Parameter 'browser' is required by BeforeMethod on method beforeMethod but has not been marked @Optional or defined
in C:\Users\SHIV\eclipse-workspace\PageModel\src\test\java\testng.xml
at java.base/java.util.ArrayList.forEach(ArrayList.java:1541)
... Removed 28 stack frames]]>
    </failure>
  </testcase> <!-- @BeforeMethod beforeMethod -->
  <testcase classname="Testcases.HomePageTest" name="@AfterMethod afterMethod" time="-1.628471850122E9">
    <skipped/>
  </testcase> <!-- @AfterMethod afterMethod -->
  <testcase classname="Testcases.HomePageTest" name="@BeforeMethod beforeMethod" time="-1.628471850125E9">
    <skipped/>
  </testcase> <!-- @BeforeMethod beforeMethod -->
  <testcase classname="Testcases.HomePageTest" name="@AfterMethod afterMethod" time="-1.628471850128E9">
    <skipped/>
  </testcase> <!-- @AfterMethod afterMethod -->
  <testcase classname="Testcases.HomePageTest" name="@BeforeMethod beforeMethod" time="-1.62847185013E9">
    <skipped/>
  </testcase> <!-- @BeforeMethod beforeMethod -->
  <testcase classname="Testcases.HomePageTest" name="@AfterMethod afterMethod" time="-1.628471850134E9">
    <skipped/>
  </testcase> <!-- @AfterMethod afterMethod -->
  <testcase classname="Testcases.NewTest" name="@BeforeMethod beforeMethod" time="-1.628471850138E9">
    <failure type="org.testng.TestNGException" message="
Parameter &amp;apos;browser&amp;apos; is required by BeforeMethod on method beforeMethod but has not been marked @Optional or defined
in C:\Users\SHIV\eclipse-workspace\PageModel\src\test\java\testng.xml">
      <![CDATA[org.testng.TestNGException: 
Parameter 'browser' is required by BeforeMethod on method beforeMethod but has not been marked @Optional or defined
in C:\Users\SHIV\eclipse-workspace\PageModel\src\test\java\testng.xml
at java.base/java.util.ArrayList.forEach(ArrayList.java:1541)
... Removed 28 stack frames]]>
    </failure>
  </testcase> <!-- @BeforeMethod beforeMethod -->
  <testcase classname="Testcases.NewTest" name="@AfterMethod afterMethod" time="-1.628471850142E9">
    <skipped/>
  </testcase> <!-- @AfterMethod afterMethod -->
  <testcase classname="Testcases.NewTest" name="@BeforeMethod beforeMethod" time="-1.628471850143E9">
    <skipped/>
  </testcase> <!-- @BeforeMethod beforeMethod -->
  <testcase classname="Testcases.NewTest" name="@AfterMethod afterMethod" time="-1.628471850154E9">
    <skipped/>
  </testcase> <!-- @AfterMethod afterMethod -->
  <testcase classname="Testcases.New_ContactTest" name="@BeforeMethod beforemethod" time="-1.628471850921E9">
    <failure type="org.testng.TestNGException" message="
Parameter &amp;apos;browser&amp;apos; is required by BeforeMethod on method beforemethod but has not been marked @Optional or defined
in C:\Users\SHIV\eclipse-workspace\PageModel\src\test\java\testng.xml">
      <![CDATA[org.testng.TestNGException: 
Parameter 'browser' is required by BeforeMethod on method beforemethod but has not been marked @Optional or defined
in C:\Users\SHIV\eclipse-workspace\PageModel\src\test\java\testng.xml
at java.base/java.util.ArrayList.forEach(ArrayList.java:1541)
... Removed 28 stack frames]]>
    </failure>
  </testcase> <!-- @BeforeMethod beforemethod -->
  <testcase classname="Testcases.New_ContactTest" name="@AfterMethod aftermethod" time="-1.628471850925E9">
    <skipped/>
  </testcase> <!-- @AfterMethod aftermethod -->
  <testcase classname="Testcases.New_ContactTest" name="@BeforeMethod beforemethod" time="-1.628471850926E9">
    <skipped/>
  </testcase> <!-- @BeforeMethod beforemethod -->
  <testcase classname="Testcases.New_ContactTest" name="@AfterMethod aftermethod" time="-1.628471850929E9">
    <skipped/>
  </testcase> <!-- @AfterMethod aftermethod -->
  <testcase classname="Testcases.New_ContactTest" name="@BeforeMethod beforemethod" time="-1.62847185093E9">
    <skipped/>
  </testcase> <!-- @BeforeMethod beforemethod -->
  <testcase classname="Testcases.New_ContactTest" name="@AfterMethod aftermethod" time="-1.628471850932E9">
    <skipped/>
  </testcase> <!-- @AfterMethod aftermethod -->
  <testcase classname="Testcases.New_ContactTest" name="@BeforeMethod beforemethod" time="-1.628471850933E9">
    <skipped/>
  </testcase> <!-- @BeforeMethod beforemethod -->
  <testcase classname="Testcases.New_ContactTest" name="@AfterMethod aftermethod" time="-1.628471850935E9">
    <skipped/>
  </testcase> <!-- @AfterMethod aftermethod -->
  <testcase classname="Testcases.New_ContactTest" name="@BeforeMethod beforemethod" time="-1.628471850936E9">
    <skipped/>
  </testcase> <!-- @BeforeMethod beforemethod -->
  <testcase classname="Testcases.New_ContactTest" name="@AfterMethod aftermethod" time="-1.628471850939E9">
    <skipped/>
  </testcase> <!-- @AfterMethod aftermethod -->
  <testcase classname="Testcases.New_ContactTest" name="@BeforeMethod beforemethod" time="-1.62847185094E9">
    <skipped/>
  </testcase> <!-- @BeforeMethod beforemethod -->
  <testcase classname="Testcases.New_ContactTest" name="@AfterMethod aftermethod" time="-1.628471850942E9">
    <skipped/>
  </testcase> <!-- @AfterMethod aftermethod -->
  <testcase classname="Testcases.New_ContactTest" name="@BeforeMethod beforemethod" time="-1.628471850943E9">
    <skipped/>
  </testcase> <!-- @BeforeMethod beforemethod -->
  <testcase classname="Testcases.New_ContactTest" name="@AfterMethod aftermethod" time="-1.628471850945E9">
    <skipped/>
  </testcase> <!-- @AfterMethod aftermethod -->
  <testcase classname="Testcases.New_ContactTest" name="@BeforeMethod beforemethod" time="-1.628471850946E9">
    <skipped/>
  </testcase> <!-- @BeforeMethod beforemethod -->
  <testcase classname="Testcases.New_ContactTest" name="@AfterMethod aftermethod" time="-1.628471850948E9">
    <skipped/>
  </testcase> <!-- @AfterMethod aftermethod -->
  <testcase classname="Testcases.HomePageTest" name="Validate_tshirtsLink" time="0.0">
    <skipped/>
  </testcase> <!-- Validate_tshirtsLink -->
  <testcase classname="Testcases.HomePageTest" name="ValidatedressesLink" time="0.0">
    <skipped/>
  </testcase> <!-- ValidatedressesLink -->
  <testcase classname="Testcases.HomePageTest" name="Validatewomenlink" time="0.0">
    <skipped/>
  </testcase> <!-- Validatewomenlink -->
  <testcase classname="Testcases.NewTest" name="Validate_wrongemail" time="0.0">
    <skipped/>
  </testcase> <!-- Validate_wrongemail -->
  <testcase classname="Testcases.NewTest" name="login" time="0.0">
    <skipped/>
  </testcase> <!-- login -->
  <testcase classname="Testcases.New_ContactTest" name="fillalldetails" time="0.0">
    <skipped/>
  </testcase> <!-- fillalldetails -->
  <testcase classname="Testcases.New_ContactTest" name="fillalldetails" time="0.0">
    <skipped/>
  </testcase> <!-- fillalldetails -->
  <testcase classname="Testcases.New_ContactTest" name="fillalldetails" time="0.0">
    <skipped/>
  </testcase> <!-- fillalldetails -->
  <testcase classname="Testcases.New_ContactTest" name="fillalldetails" time="0.0">
    <skipped/>
  </testcase> <!-- fillalldetails -->
  <testcase classname="Testcases.New_ContactTest" name="fillalldetails" time="0.0">
    <skipped/>
  </testcase> <!-- fillalldetails -->
  <testcase classname="Testcases.New_ContactTest" name="fillalldetails" time="0.0">
    <skipped/>
  </testcase> <!-- fillalldetails -->
  <testcase classname="Testcases.New_ContactTest" name="filldetails" time="0.0">
    <skipped/>
  </testcase> <!-- filldetails -->
  <testcase classname="Testcases.New_ContactTest" name="verifyincompletedetails" time="0.0">
    <skipped/>
  </testcase> <!-- verifyincompletedetails -->
</testsuite> <!--  Chrome Test -->
