<?xml version="1.0" encoding="UTF-8"?>
<!-- Generated by org.testng.reporters.JUnitXMLReporter -->
<testsuite ignored="0" hostname="DESKTOP-TTB3E54" failures="0" tests="13" name="firefox test" time="1.553" errors="0" timestamp="2021-08-08T21:17:32 EDT">
  <testcase classname="Testcases.HomePageTest" name="@BeforeMethod beforeMethod" time="-1.628471851129E9">
    <failure type="org.testng.TestNGException" message="
Parameter &amp;apos;browser&amp;apos; is required by BeforeMethod on method beforeMethod but has not been marked @Optional or defined
in C:\Users\SHIV\eclipse-workspace\PageModel\src\test\java\testng.xml">
      <![CDATA[org.testng.TestNGException: 
Parameter 'browser' is required by BeforeMethod on method beforeMethod but has not been marked @Optional or defined
in C:\Users\SHIV\eclipse-workspace\PageModel\src\test\java\testng.xml
at java.base/java.util.ArrayList.forEach(ArrayList.java:1541)
... Removed 28 stack frames]]>
    </failure>
  </testcase> <!-- @BeforeMethod beforeMethod -->
  <testcase classname="Testcases.HomePageTest" name="@AfterMethod afterMethod" time="-1.628471851134E9">
    <skipped/>
  </testcase> <!-- @AfterMethod afterMethod -->
  <testcase classname="Testcases.HomePageTest" name="@BeforeMethod beforeMethod" time="-1.628471851135E9">
    <skipped/>
  </testcase> <!-- @BeforeMethod beforeMethod -->
  <testcase classname="Testcases.HomePageTest" name="@AfterMethod afterMethod" time="-1.628471851138E9">
    <skipped/>
  </testcase> <!-- @AfterMethod afterMethod -->
  <testcase classname="Testcases.HomePageTest" name="@BeforeMethod beforeMethod" time="-1.62847185114E9">
    <skipped/>
  </testcase> <!-- @BeforeMethod beforeMethod -->
  <testcase classname="Testcases.HomePageTest" name="@AfterMethod afterMethod" time="-1.628471851142E9">
    <skipped/>
  </testcase> <!-- @AfterMethod afterMethod -->
  <testcase classname="Testcases.NewTest" name="@BeforeMethod beforeMethod" time="-1.628471851143E9">
    <failure type="org.testng.TestNGException" message="
Parameter &amp;apos;browser&amp;apos; is required by BeforeMethod on method beforeMethod but has not been marked @Optional or defined
in C:\Users\SHIV\eclipse-workspace\PageModel\src\test\java\testng.xml">
      <![CDATA[org.testng.TestNGException: 
Parameter 'browser' is required by BeforeMethod on method beforeMethod but has not been marked @Optional or defined
in C:\Users\SHIV\eclipse-workspace\PageModel\src\test\java\testng.xml
at java.base/java.util.ArrayList.forEach(ArrayList.java:1541)
... Removed 28 stack frames]]>
    </failure>
  </testcase> <!-- @BeforeMethod beforeMethod -->
  <testcase classname="Testcases.NewTest" name="@AfterMethod afterMethod" time="-1.62847185115E9">
    <skipped/>
  </testcase> <!-- @AfterMethod afterMethod -->
  <testcase classname="Testcases.NewTest" name="@BeforeMethod beforeMethod" time="-1.628471851151E9">
    <skipped/>
  </testcase> <!-- @BeforeMethod beforeMethod -->
  <testcase classname="Testcases.NewTest" name="@AfterMethod afterMethod" time="-1.628471851155E9">
    <skipped/>
  </testcase> <!-- @AfterMethod afterMethod -->
  <testcase classname="Testcases.New_ContactTest" name="@BeforeMethod beforemethod" time="-1.628471852623E9">
    <failure type="org.testng.TestNGException" message="
Parameter &amp;apos;browser&amp;apos; is required by BeforeMethod on method beforemethod but has not been marked @Optional or defined
in C:\Users\SHIV\eclipse-workspace\PageModel\src\test\java\testng.xml">
      <![CDATA[org.testng.TestNGException: 
Parameter 'browser' is required by BeforeMethod on method beforemethod but has not been marked @Optional or defined
in C:\Users\SHIV\eclipse-workspace\PageModel\src\test\java\testng.xml
at java.base/java.util.ArrayList.forEach(ArrayList.java:1541)
... Removed 28 stack frames]]>
    </failure>
  </testcase> <!-- @BeforeMethod beforemethod -->
  <testcase classname="Testcases.New_ContactTest" name="@AfterMethod aftermethod" time="-1.628471852639E9">
    <skipped/>
  </testcase> <!-- @AfterMethod aftermethod -->
  <testcase classname="Testcases.New_ContactTest" name="@BeforeMethod beforemethod" time="-1.628471852641E9">
    <skipped/>
  </testcase> <!-- @BeforeMethod beforemethod -->
  <testcase classname="Testcases.New_ContactTest" name="@AfterMethod aftermethod" time="-1.628471852644E9">
    <skipped/>
  </testcase> <!-- @AfterMethod aftermethod -->
  <testcase classname="Testcases.New_ContactTest" name="@BeforeMethod beforemethod" time="-1.628471852646E9">
    <skipped/>
  </testcase> <!-- @BeforeMethod beforemethod -->
  <testcase classname="Testcases.New_ContactTest" name="@AfterMethod aftermethod" time="-1.628471852648E9">
    <skipped/>
  </testcase> <!-- @AfterMethod aftermethod -->
  <testcase classname="Testcases.New_ContactTest" name="@BeforeMethod beforemethod" time="-1.628471852654E9">
    <skipped/>
  </testcase> <!-- @BeforeMethod beforemethod -->
  <testcase classname="Testcases.New_ContactTest" name="@AfterMethod aftermethod" time="-1.628471852658E9">
    <skipped/>
  </testcase> <!-- @AfterMethod aftermethod -->
  <testcase classname="Testcases.New_ContactTest" name="@BeforeMethod beforemethod" time="-1.628471852661E9">
    <skipped/>
  </testcase> <!-- @BeforeMethod beforemethod -->
  <testcase classname="Testcases.New_ContactTest" name="@AfterMethod aftermethod" time="-1.628471852663E9">
    <skipped/>
  </testcase> <!-- @AfterMethod aftermethod -->
  <testcase classname="Testcases.New_ContactTest" name="@BeforeMethod beforemethod" time="-1.628471852666E9">
    <skipped/>
  </testcase> <!-- @BeforeMethod beforemethod -->
  <testcase classname="Testcases.New_ContactTest" name="@AfterMethod aftermethod" time="-1.62847185267E9">
    <skipped/>
  </testcase> <!-- @AfterMethod aftermethod -->
  <testcase classname="Testcases.New_ContactTest" name="@BeforeMethod beforemethod" time="-1.628471852672E9">
    <skipped/>
  </testcase> <!-- @BeforeMethod beforemethod -->
  <testcase classname="Testcases.New_ContactTest" name="@AfterMethod aftermethod" time="-1.628471852674E9">
    <skipped/>
  </testcase> <!-- @AfterMethod aftermethod -->
  <testcase classname="Testcases.New_ContactTest" name="@BeforeMethod beforemethod" time="-1.628471852675E9">
    <skipped/>
  </testcase> <!-- @BeforeMethod beforemethod -->
  <testcase classname="Testcases.New_ContactTest" name="@AfterMethod aftermethod" time="-1.628471852678E9">
    <skipped/>
  </testcase> <!-- @AfterMethod aftermethod -->
  <testcase classname="Testcases.HomePageTest" name="Validate_tshirtsLink" time="0.0">
    <skipped/>
  </testcase> <!-- Validate_tshirtsLink -->
  <testcase classname="Testcases.HomePageTest" name="ValidatedressesLink" time="0.0">
    <skipped/>
  </testcase> <!-- ValidatedressesLink -->
  <testcase classname="Testcases.HomePageTest" name="Validatewomenlink" time="0.0">
    <skipped/>
  </testcase> <!-- Validatewomenlink -->
  <testcase classname="Testcases.NewTest" name="Validate_wrongemail" time="0.0">
    <skipped/>
  </testcase> <!-- Validate_wrongemail -->
  <testcase classname="Testcases.NewTest" name="login" time="0.0">
    <skipped/>
  </testcase> <!-- login -->
  <testcase classname="Testcases.New_ContactTest" name="fillalldetails" time="0.0">
    <skipped/>
  </testcase> <!-- fillalldetails -->
  <testcase classname="Testcases.New_ContactTest" name="fillalldetails" time="0.0">
    <skipped/>
  </testcase> <!-- fillalldetails -->
  <testcase classname="Testcases.New_ContactTest" name="fillalldetails" time="0.0">
    <skipped/>
  </testcase> <!-- fillalldetails -->
  <testcase classname="Testcases.New_ContactTest" name="fillalldetails" time="0.0">
    <skipped/>
  </testcase> <!-- fillalldetails -->
  <testcase classname="Testcases.New_ContactTest" name="fillalldetails" time="0.0">
    <skipped/>
  </testcase> <!-- fillalldetails -->
  <testcase classname="Testcases.New_ContactTest" name="fillalldetails" time="0.0">
    <skipped/>
  </testcase> <!-- fillalldetails -->
  <testcase classname="Testcases.New_ContactTest" name="filldetails" time="0.0">
    <skipped/>
  </testcase> <!-- filldetails -->
  <testcase classname="Testcases.New_ContactTest" name="verifyincompletedetails" time="0.0">
    <skipped/>
  </testcase> <!-- verifyincompletedetails -->
</testsuite> <!-- firefox test -->
