<html>
<head>
<title>TestNG:  Test</title>
<link href="../testng.css" rel="stylesheet" type="text/css" />
<link href="../my-testng.css" rel="stylesheet" type="text/css" />

<style type="text/css">
.log { display: none;} 
.stack-trace { display: none;} 
</style>
<script type="text/javascript">
<!--
function flip(e) {
  current = e.style.display;
  if (current == 'block') {
    e.style.display = 'none';
    return 0;
  }
  else {
    e.style.display = 'block';
    return 1;
  }
}

function toggleBox(szDivId, elem, msg1, msg2)
{
  var res = -1;  if (document.getElementById) {
    res = flip(document.getElementById(szDivId));
  }
  else if (document.all) {
    // this is the way old msie versions work
    res = flip(document.all[szDivId]);
  }
  if(elem) {
    if(res == 0) elem.innerHTML = msg1; else elem.innerHTML = msg2;
  }

}

function toggleAllBoxes() {
  if (document.getElementsByTagName) {
    d = document.getElementsByTagName('div');
    for (i = 0; i < d.length; i++) {
      if (d[i].className == 'log') {
        flip(d[i]);
      }
    }
  }
}

// -->
</script>

</head>
<body>
<h2 align='center'>Test</h2><table border='1' align="center">
<tr>
<td>Tests passed/Failed/Skipped:</td><td>12/1/0</td>
</tr><tr>
<td>Started on:</td><td>Tue Jul 27 23:32:02 EDT 2021</td>
</tr>
<tr><td>Total time:</td><td>353 seconds (353824 ms)</td>
</tr><tr>
<td>Included groups:</td><td></td>
</tr><tr>
<td>Excluded groups:</td><td></td>
</tr>
</table><p/>
<small><i>(Hover the method name to see the test class name)</i></small><p/>
<table width='100%' border='1' class='invocation-failed'>
<tr><td colspan='4' align='center'><b>FAILED TESTS</b></td></tr>
<tr><td><b>Test method</b></td>
<td width="30%"><b>Exception</b></td>
<td width="10%"><b>Time (seconds)</b></td>
<td><b>Instance</b></td>
</tr>
<tr>
<td title='Testcases.New_ContactTest.filldetails()'><b>filldetails</b><br>Test class: Testcases.New_ContactTest</td>
<td><div><pre>org.openqa.selenium.NoSuchSessionException: Session ID is null. Using WebDriver after calling quit()?
Build info: version: &apos;3.141.59&apos;, revision: &apos;e82be7d358&apos;, time: &apos;2018-11-14T08:25:53&apos;
System info: host: &apos;DESKTOP-TTB3E54&apos;, ip: &apos;192.168.186.1&apos;, os.name: &apos;Windows 10&apos;, os.arch: &apos;amd64&apos;, os.version: &apos;10.0&apos;, java.version: &apos;11.0.12&apos;
Driver info: driver.version: RemoteWebDriver
	at org.openqa.selenium.remote.HttpCommandExecutor.execute(HttpCommandExecutor.java:125)
	at org.openqa.selenium.remote.service.DriverCommandExecutor.execute(DriverCommandExecutor.java:83)
	at org.openqa.selenium.remote.RemoteWebDriver.execute(RemoteWebDriver.java:552)
	at org.openqa.selenium.remote.RemoteWebDriver.findElement(RemoteWebDriver.java:323)
	at org.openqa.selenium.remote.RemoteWebDriver.findElementByCssSelector(RemoteWebDriver.java:420)
	at org.openqa.selenium.By$ByCssSelector.findElement(By.java:431)
	at org.openqa.selenium.remote.RemoteWebDriver.findElement(RemoteWebDriver.java:315)
	at org.openqa.selenium.support.pagefactory.DefaultElementLocator.findElement(DefaultElementLocator.java:69)
	at org.openqa.selenium.support.pagefactory.internal.LocatingElementHandler.invoke(LocatingElementHandler.java:38)
	at com.sun.proxy.$Proxy12.click(Unknown Source)
	at Pages.ContactPage.verifydetailspage(ContactPage.java:50)
	at Testcases.New_ContactTest.filldetails(New_ContactTest.java:102)
	at java.base/java.util.ArrayList.forEach(ArrayList.java:1541)
... Removed 27 stack frames</pre></div><a href='#' onClick='toggleBox("stack-trace967631271", this, "Click to show all stack frames", "Click to hide stack frames")'>Click to show all stack frames</a>
<div class='stack-trace' id='stack-trace967631271'><pre>org.openqa.selenium.NoSuchSessionException: Session ID is null. Using WebDriver after calling quit()?
Build info: version: &apos;3.141.59&apos;, revision: &apos;e82be7d358&apos;, time: &apos;2018-11-14T08:25:53&apos;
System info: host: &apos;DESKTOP-TTB3E54&apos;, ip: &apos;192.168.186.1&apos;, os.name: &apos;Windows 10&apos;, os.arch: &apos;amd64&apos;, os.version: &apos;10.0&apos;, java.version: &apos;11.0.12&apos;
Driver info: driver.version: RemoteWebDriver
	at org.openqa.selenium.remote.HttpCommandExecutor.execute(HttpCommandExecutor.java:125)
	at org.openqa.selenium.remote.service.DriverCommandExecutor.execute(DriverCommandExecutor.java:83)
	at org.openqa.selenium.remote.RemoteWebDriver.execute(RemoteWebDriver.java:552)
	at org.openqa.selenium.remote.RemoteWebDriver.findElement(RemoteWebDriver.java:323)
	at org.openqa.selenium.remote.RemoteWebDriver.findElementByCssSelector(RemoteWebDriver.java:420)
	at org.openqa.selenium.By$ByCssSelector.findElement(By.java:431)
	at org.openqa.selenium.remote.RemoteWebDriver.findElement(RemoteWebDriver.java:315)
	at org.openqa.selenium.support.pagefactory.DefaultElementLocator.findElement(DefaultElementLocator.java:69)
	at org.openqa.selenium.support.pagefactory.internal.LocatingElementHandler.invoke(LocatingElementHandler.java:38)
	at com.sun.proxy.$Proxy12.click(Unknown Source)
	at Pages.ContactPage.verifydetailspage(ContactPage.java:50)
	at Testcases.New_ContactTest.filldetails(New_ContactTest.java:102)
	at java.base/jdk.internal.reflect.NativeMethodAccessorImpl.invoke0(Native Method)
	at java.base/jdk.internal.reflect.NativeMethodAccessorImpl.invoke(NativeMethodAccessorImpl.java:62)
	at java.base/jdk.internal.reflect.DelegatingMethodAccessorImpl.invoke(DelegatingMethodAccessorImpl.java:43)
	at java.base/java.lang.reflect.Method.invoke(Method.java:566)
	at org.testng.internal.MethodInvocationHelper.invokeMethod(MethodInvocationHelper.java:133)
	at org.testng.internal.TestInvoker.invokeMethod(TestInvoker.java:598)
	at org.testng.internal.TestInvoker.invokeTestMethod(TestInvoker.java:173)
	at org.testng.internal.MethodRunner.runInSequence(MethodRunner.java:46)
	at org.testng.internal.TestInvoker$MethodInvocationAgent.invoke(TestInvoker.java:824)
	at org.testng.internal.TestInvoker.invokeTestMethods(TestInvoker.java:146)
	at org.testng.internal.TestMethodWorker.invokeTestMethods(TestMethodWorker.java:146)
	at org.testng.internal.TestMethodWorker.run(TestMethodWorker.java:128)
	at java.base/java.util.ArrayList.forEach(ArrayList.java:1541)
	at org.testng.TestRunner.privateRun(TestRunner.java:794)
	at org.testng.TestRunner.run(TestRunner.java:596)
	at org.testng.SuiteRunner.runTest(SuiteRunner.java:377)
	at org.testng.SuiteRunner.runSequentially(SuiteRunner.java:371)
	at org.testng.SuiteRunner.privateRun(SuiteRunner.java:332)
	at org.testng.SuiteRunner.run(SuiteRunner.java:276)
	at org.testng.SuiteRunnerWorker.runSuite(SuiteRunnerWorker.java:53)
	at org.testng.SuiteRunnerWorker.run(SuiteRunnerWorker.java:96)
	at org.testng.TestNG.runSuitesSequentially(TestNG.java:1212)
	at org.testng.TestNG.runSuitesLocally(TestNG.java:1134)
	at org.testng.TestNG.runSuites(TestNG.java:1063)
	at org.testng.TestNG.run(TestNG.java:1031)
	at org.testng.remote.AbstractRemoteTestNG.run(AbstractRemoteTestNG.java:115)
	at org.testng.remote.RemoteTestNG.initAndRun(RemoteTestNG.java:251)
	at org.testng.remote.RemoteTestNG.main(RemoteTestNG.java:77)
</pre></div></td>
<td>0</td>
<td>Testcases.New_ContactTest@e19bb76</td></tr>
</table><p>
<table width='100%' border='1' class='invocation-passed'>
<tr><td colspan='4' align='center'><b>PASSED TESTS</b></td></tr>
<tr><td><b>Test method</b></td>
<td width="30%"><b>Exception</b></td>
<td width="10%"><b>Time (seconds)</b></td>
<td><b>Instance</b></td>
</tr>
<tr>
<td title='Testcases.New_ContactTest.fillalldetails()'><b>fillalldetails</b><br>Test class: Testcases.New_ContactTest<br>Parameters: Jugraj, thakur, awd</td>
<td></td>
<td>12</td>
<td>Testcases.New_ContactTest@e19bb76</td></tr>
<tr>
<td title='Testcases.New_ContactTest.fillalldetails()'><b>fillalldetails</b><br>Test class: Testcases.New_ContactTest<br>Parameters: Selenium, thij, ad</td>
<td></td>
<td>13</td>
<td>Testcases.New_ContactTest@e19bb76</td></tr>
<tr>
<td title='Testcases.HomePageTest.Validatewomenlink()'><b>Validatewomenlink</b><br>Test class: Testcases.HomePageTest</td>
<td></td>
<td>0</td>
<td>Testcases.HomePageTest@2631f68c</td></tr>
<tr>
<td title='Testcases.New_ContactTest.verifyincompletedetails()'><b>verifyincompletedetails</b><br>Test class: Testcases.New_ContactTest</td>
<td></td>
<td>19</td>
<td>Testcases.New_ContactTest@e19bb76</td></tr>
<tr>
<td title='Testcases.NewTest.Validate_wrongemail()'><b>Validate_wrongemail</b><br>Test class: Testcases.NewTest</td>
<td></td>
<td>15</td>
<td>Testcases.NewTest@18a136ac</td></tr>
<tr>
<td title='Testcases.NewTest.login()'><b>login</b><br>Test class: Testcases.NewTest</td>
<td></td>
<td>7</td>
<td>Testcases.NewTest@18a136ac</td></tr>
<tr>
<td title='Testcases.HomePageTest.ValidatedressesLink()'><b>ValidatedressesLink</b><br>Test class: Testcases.HomePageTest</td>
<td></td>
<td>0</td>
<td>Testcases.HomePageTest@2631f68c</td></tr>
<tr>
<td title='Testcases.New_ContactTest.fillalldetails()'><b>fillalldetails</b><br>Test class: Testcases.New_ContactTest<br>Parameters: Alok, shah, dqwdq</td>
<td></td>
<td>16</td>
<td>Testcases.New_ContactTest@e19bb76</td></tr>
<tr>
<td title='Testcases.New_ContactTest.fillalldetails()'><b>fillalldetails</b><br>Test class: Testcases.New_ContactTest<br>Parameters: Automation, ad, ad</td>
<td></td>
<td>15</td>
<td>Testcases.New_ContactTest@e19bb76</td></tr>
<tr>
<td title='Testcases.New_ContactTest.fillalldetails()'><b>fillalldetails</b><br>Test class: Testcases.New_ContactTest<br>Parameters: Maharaja, pratap, twosss</td>
<td></td>
<td>17</td>
<td>Testcases.New_ContactTest@e19bb76</td></tr>
<tr>
<td title='Testcases.HomePageTest.Validate_tshirtsLink()'><b>Validate_tshirtsLink</b><br>Test class: Testcases.HomePageTest</td>
<td></td>
<td>0</td>
<td>Testcases.HomePageTest@2631f68c</td></tr>
<tr>
<td title='Testcases.New_ContactTest.fillalldetails()'><b>fillalldetails</b><br>Test class: Testcases.New_ContactTest<br>Parameters: Paul, patel, tqo11</td>
<td></td>
<td>11</td>
<td>Testcases.New_ContactTest@e19bb76</td></tr>
</table><p>
</body>
</html>