<?xml version="1.0" encoding="UTF-8"?>
<!-- Generated by org.testng.reporters.JUnitXMLReporter -->
<testsuite ignored="0" hostname="DESKTOP-TTB3E54" failures="1" tests="13" name="Test" time="353.824" errors="0" timestamp="2021-07-27T23:37:56 EDT">
  <testcase classname="Testcases.HomePageTest" name="Validate_tshirtsLink" time="0.229"/>
  <testcase classname="Testcases.HomePageTest" name="ValidatedressesLink" time="0.105"/>
  <testcase classname="Testcases.HomePageTest" name="Validatewomenlink" time="0.082"/>
  <testcase classname="Testcases.NewTest" name="Validate_wrongemail" time="15.086"/>
  <testcase classname="Testcases.NewTest" name="login" time="7.435"/>
  <testcase classname="Testcases.New_ContactTest" name="fillalldetails" time="17.986"/>
  <testcase classname="Testcases.New_ContactTest" name="fillalldetails" time="11.457"/>
  <testcase classname="Testcases.New_ContactTest" name="fillalldetails" time="16.556"/>
  <testcase classname="Testcases.New_ContactTest" name="fillalldetails" time="12.435"/>
  <testcase classname="Testcases.New_ContactTest" name="fillalldetails" time="13.089"/>
  <testcase classname="Testcases.New_ContactTest" name="fillalldetails" time="15.121"/>
  <testcase classname="Testcases.New_ContactTest" name="filldetails" time="0.023">
    <failure type="org.openqa.selenium.NoSuchSessionException" message="Session ID is null. Using WebDriver after calling quit()?
Build info: version: &amp;apos;3.141.59&amp;apos;, revision: &amp;apos;e82be7d358&amp;apos;, time: &amp;apos;2018-11-14T08:25:53&amp;apos;
System info: host: &amp;apos;DESKTOP-TTB3E54&amp;apos;, ip: &amp;apos;192.168.186.1&amp;apos;, os.name: &amp;apos;Windows 10&amp;apos;, os.arch: &amp;apos;amd64&amp;apos;, os.version: &amp;apos;10.0&amp;apos;, java.version: &amp;apos;11.0.12&amp;apos;
Driver info: driver.version: RemoteWebDriver">
      <![CDATA[org.openqa.selenium.NoSuchSessionException: Session ID is null. Using WebDriver after calling quit()?
Build info: version: '3.141.59', revision: 'e82be7d358', time: '2018-11-14T08:25:53'
System info: host: 'DESKTOP-TTB3E54', ip: '192.168.186.1', os.name: 'Windows 10', os.arch: 'amd64', os.version: '10.0', java.version: '11.0.12'
Driver info: driver.version: RemoteWebDriver
at org.openqa.selenium.remote.HttpCommandExecutor.execute(HttpCommandExecutor.java:125)
at org.openqa.selenium.remote.service.DriverCommandExecutor.execute(DriverCommandExecutor.java:83)
at org.openqa.selenium.remote.RemoteWebDriver.execute(RemoteWebDriver.java:552)
at org.openqa.selenium.remote.RemoteWebDriver.findElement(RemoteWebDriver.java:323)
at org.openqa.selenium.remote.RemoteWebDriver.findElementByCssSelector(RemoteWebDriver.java:420)
at org.openqa.selenium.By$ByCssSelector.findElement(By.java:431)
at org.openqa.selenium.remote.RemoteWebDriver.findElement(RemoteWebDriver.java:315)
at org.openqa.selenium.support.pagefactory.DefaultElementLocator.findElement(DefaultElementLocator.java:69)
at org.openqa.selenium.support.pagefactory.internal.LocatingElementHandler.invoke(LocatingElementHandler.java:38)
at com.sun.proxy.$Proxy12.click(Unknown Source)
at Pages.ContactPage.verifydetailspage(ContactPage.java:50)
at Testcases.New_ContactTest.filldetails(New_ContactTest.java:102)
at java.base/java.util.ArrayList.forEach(ArrayList.java:1541)
... Removed 27 stack frames]]>
    </failure>
  </testcase> <!-- filldetails -->
  <testcase classname="Testcases.New_ContactTest" name="verifyincompletedetails" time="19.163"/>
</testsuite> <!-- Test -->
