<?xml version="1.0" encoding="UTF-8"?>
<!-- Generated by org.testng.reporters.JUnitReportReporter -->
<testsuite hostname="DESKTOP-TTB3E54" failures="0" tests="18" name="Testcases.New_ContactTest" time="-3256943616.000" errors="2" timestamp="2021-08-08T21:17:32 EDT" skipped="16">
  <testcase classname="Testcases.New_ContactTest" name="verifyincompletedetails" time="0.000">
    <skipped/>
  </testcase> <!-- verifyincompletedetails -->
  <system-out/>
  <testcase classname="Testcases.New_ContactTest" name="fillalldetails" time="0.000">
    <skipped/>
  </testcase> <!-- fillalldetails -->
  <system-out/>
  <testcase classname="Testcases.New_ContactTest" name="fillalldetails" time="0.000">
    <skipped/>
  </testcase> <!-- fillalldetails -->
  <system-out/>
  <testcase classname="Testcases.New_ContactTest" name="fillalldetails" time="0.000">
    <skipped/>
  </testcase> <!-- fillalldetails -->
  <system-out/>
  <testcase classname="Testcases.New_ContactTest" name="fillalldetails" time="0.000">
    <skipped/>
  </testcase> <!-- fillalldetails -->
  <system-out/>
  <testcase classname="Testcases.New_ContactTest" name="fillalldetails" time="0.000">
    <skipped/>
  </testcase> <!-- fillalldetails -->
  <system-out/>
  <testcase classname="Testcases.New_ContactTest" name="beforemethod" time="-1628471808.000">
    <error message="
Parameter &#039;browser&#039; is required by BeforeMethod on method beforemethod but has not been marked @Optional or defined
in C:\Users\SHIV\eclipse-workspace\PageModel\src\test\java\testng.xml" type="org.testng.TestNGException">
      <![CDATA[org.testng.TestNGException: 
Parameter 'browser' is required by BeforeMethod on method beforemethod but has not been marked @Optional or defined
in C:\Users\SHIV\eclipse-workspace\PageModel\src\test\java\testng.xml
at org.testng.internal.Parameters.createParams(Parameters.java:270)
at org.testng.internal.Parameters.createParametersForMethod(Parameters.java:358)
at org.testng.internal.Parameters.createParameters(Parameters.java:700)
at org.testng.internal.Parameters.createConfigurationParameters(Parameters.java:168)
at org.testng.internal.ConfigInvoker.invokeConfigurations(ConfigInvoker.java:302)
at org.testng.internal.TestInvoker.runConfigMethods(TestInvoker.java:700)
at org.testng.internal.TestInvoker.invokeMethod(TestInvoker.java:527)
at org.testng.internal.TestInvoker.invokeTestMethod(TestInvoker.java:173)
at org.testng.internal.MethodRunner.runInSequence(MethodRunner.java:46)
at org.testng.internal.TestInvoker$MethodInvocationAgent.invoke(TestInvoker.java:824)
at org.testng.internal.TestInvoker.invokeTestMethods(TestInvoker.java:146)
at org.testng.internal.TestMethodWorker.invokeTestMethods(TestMethodWorker.java:146)
at org.testng.internal.TestMethodWorker.run(TestMethodWorker.java:128)
at java.base/java.util.ArrayList.forEach(ArrayList.java:1541)
at org.testng.TestRunner.privateRun(TestRunner.java:794)
at org.testng.TestRunner.run(TestRunner.java:596)
at org.testng.SuiteRunner.runTest(SuiteRunner.java:377)
at org.testng.SuiteRunner.runSequentially(SuiteRunner.java:371)
at org.testng.SuiteRunner.privateRun(SuiteRunner.java:332)
at org.testng.SuiteRunner.run(SuiteRunner.java:276)
at org.testng.SuiteRunnerWorker.runSuite(SuiteRunnerWorker.java:53)
at org.testng.SuiteRunnerWorker.run(SuiteRunnerWorker.java:96)
at org.testng.TestNG.runSuitesSequentially(TestNG.java:1212)
at org.testng.TestNG.runSuitesLocally(TestNG.java:1134)
at org.testng.TestNG.runSuites(TestNG.java:1063)
at org.testng.TestNG.run(TestNG.java:1031)
at org.testng.remote.AbstractRemoteTestNG.run(AbstractRemoteTestNG.java:115)
at org.testng.remote.RemoteTestNG.initAndRun(RemoteTestNG.java:251)
at org.testng.remote.RemoteTestNG.main(RemoteTestNG.java:77)
]]>
    </error>
  </testcase> <!-- beforemethod -->
  <system-out/>
  <testcase classname="Testcases.New_ContactTest" name="filldetails" time="0.000">
    <skipped/>
  </testcase> <!-- filldetails -->
  <system-out/>
  <testcase classname="Testcases.New_ContactTest" name="fillalldetails" time="0.000">
    <skipped/>
  </testcase> <!-- fillalldetails -->
  <system-out/>
  <testcase classname="Testcases.New_ContactTest" name="fillalldetails" time="0.000">
    <skipped/>
  </testcase> <!-- fillalldetails -->
  <system-out/>
  <testcase classname="Testcases.New_ContactTest" name="fillalldetails" time="0.000">
    <skipped/>
  </testcase> <!-- fillalldetails -->
  <system-out/>
  <testcase classname="Testcases.New_ContactTest" name="fillalldetails" time="0.000">
    <skipped/>
  </testcase> <!-- fillalldetails -->
  <system-out/>
  <testcase classname="Testcases.New_ContactTest" name="fillalldetails" time="0.000">
    <skipped/>
  </testcase> <!-- fillalldetails -->
  <system-out/>
  <testcase classname="Testcases.New_ContactTest" name="fillalldetails" time="0.000">
    <skipped/>
  </testcase> <!-- fillalldetails -->
  <system-out/>
  <testcase classname="Testcases.New_ContactTest" name="verifyincompletedetails" time="0.000">
    <skipped/>
  </testcase> <!-- verifyincompletedetails -->
  <system-out/>
  <testcase classname="Testcases.New_ContactTest" name="fillalldetails" time="0.000">
    <skipped/>
  </testcase> <!-- fillalldetails -->
  <system-out/>
  <testcase classname="Testcases.New_ContactTest" name="filldetails" time="0.000">
    <skipped/>
  </testcase> <!-- filldetails -->
  <system-out/>
  <testcase classname="Testcases.New_ContactTest" name="beforemethod" time="-1628471808.000">
    <error message="
Parameter &#039;browser&#039; is required by BeforeMethod on method beforemethod but has not been marked @Optional or defined
in C:\Users\SHIV\eclipse-workspace\PageModel\src\test\java\testng.xml" type="org.testng.TestNGException">
      <![CDATA[org.testng.TestNGException: 
Parameter 'browser' is required by BeforeMethod on method beforemethod but has not been marked @Optional or defined
in C:\Users\SHIV\eclipse-workspace\PageModel\src\test\java\testng.xml
at org.testng.internal.Parameters.createParams(Parameters.java:270)
at org.testng.internal.Parameters.createParametersForMethod(Parameters.java:358)
at org.testng.internal.Parameters.createParameters(Parameters.java:700)
at org.testng.internal.Parameters.createConfigurationParameters(Parameters.java:168)
at org.testng.internal.ConfigInvoker.invokeConfigurations(ConfigInvoker.java:302)
at org.testng.internal.TestInvoker.runConfigMethods(TestInvoker.java:700)
at org.testng.internal.TestInvoker.invokeMethod(TestInvoker.java:527)
at org.testng.internal.TestInvoker.invokeTestMethod(TestInvoker.java:173)
at org.testng.internal.MethodRunner.runInSequence(MethodRunner.java:46)
at org.testng.internal.TestInvoker$MethodInvocationAgent.invoke(TestInvoker.java:824)
at org.testng.internal.TestInvoker.invokeTestMethods(TestInvoker.java:146)
at org.testng.internal.TestMethodWorker.invokeTestMethods(TestMethodWorker.java:146)
at org.testng.internal.TestMethodWorker.run(TestMethodWorker.java:128)
at java.base/java.util.ArrayList.forEach(ArrayList.java:1541)
at org.testng.TestRunner.privateRun(TestRunner.java:794)
at org.testng.TestRunner.run(TestRunner.java:596)
at org.testng.SuiteRunner.runTest(SuiteRunner.java:377)
at org.testng.SuiteRunner.runSequentially(SuiteRunner.java:371)
at org.testng.SuiteRunner.privateRun(SuiteRunner.java:332)
at org.testng.SuiteRunner.run(SuiteRunner.java:276)
at org.testng.SuiteRunnerWorker.runSuite(SuiteRunnerWorker.java:53)
at org.testng.SuiteRunnerWorker.run(SuiteRunnerWorker.java:96)
at org.testng.TestNG.runSuitesSequentially(TestNG.java:1212)
at org.testng.TestNG.runSuitesLocally(TestNG.java:1134)
at org.testng.TestNG.runSuites(TestNG.java:1063)
at org.testng.TestNG.run(TestNG.java:1031)
at org.testng.remote.AbstractRemoteTestNG.run(AbstractRemoteTestNG.java:115)
at org.testng.remote.RemoteTestNG.initAndRun(RemoteTestNG.java:251)
at org.testng.remote.RemoteTestNG.main(RemoteTestNG.java:77)
]]>
    </error>
  </testcase> <!-- beforemethod -->
  <system-out/>
</testsuite> <!-- Testcases.New_ContactTest -->
